Started GET "/" for 127.0.0.1 at 2019-12-29 13:43:56 -0300
  [1m[35m (56.0ms)[0m  [1m[34mSELECT sqlite_version(*)[0m
Processing by Rails::WelcomeController#index as HTML
  Rendering /home/king/.rbenv/versions/2.6.5/lib/ruby/gems/2.6.0/gems/railties-6.0.2.1/lib/rails/templates/rails/welcome/index.html.erb
  Rendered /home/king/.rbenv/versions/2.6.5/lib/ruby/gems/2.6.0/gems/railties-6.0.2.1/lib/rails/templates/rails/welcome/index.html.erb (Duration: 26.7ms | Allocations: 480)
Completed 200 OK in 230ms (Views: 109.6ms | ActiveRecord: 0.0ms | Allocations: 2807)


Started GET "/" for 127.0.0.1 at 2020-01-04 23:29:27 -0300
  
Mysql2::Error::ConnectionError (Access denied for user 'root'@'localhost' (using password: NO)):
  
mysql2 (0.5.3) lib/mysql2/client.rb:90:in `connect'
mysql2 (0.5.3) lib/mysql2/client.rb:90:in `initialize'
activerecord (6.0.2.1) lib/active_record/connection_adapters/mysql2_adapter.rb:24:in `new'
activerecord (6.0.2.1) lib/active_record/connection_adapters/mysql2_adapter.rb:24:in `mysql2_connection'
activerecord (6.0.2.1) lib/active_record/connection_adapters/abstract/connection_pool.rb:889:in `new_connection'
activerecord (6.0.2.1) lib/active_record/connection_adapters/abstract/connection_pool.rb:933:in `checkout_new_connection'
activerecord (6.0.2.1) lib/active_record/connection_adapters/abstract/connection_pool.rb:912:in `try_to_checkout_new_connection'
activerecord (6.0.2.1) lib/active_record/connection_adapters/abstract/connection_pool.rb:873:in `acquire_connection'
activerecord (6.0.2.1) lib/active_record/connection_adapters/abstract/connection_pool.rb:595:in `checkout'
activerecord (6.0.2.1) lib/active_record/connection_adapters/abstract/connection_pool.rb:439:in `connection'
activerecord (6.0.2.1) lib/active_record/connection_adapters/abstract/connection_pool.rb:1121:in `retrieve_connection'
activerecord (6.0.2.1) lib/active_record/connection_handling.rb:238:in `retrieve_connection'
activerecord (6.0.2.1) lib/active_record/connection_handling.rb:206:in `connection'
activerecord (6.0.2.1) lib/active_record/migration.rb:562:in `call'
actionpack (6.0.2.1) lib/action_dispatch/middleware/callbacks.rb:27:in `block in call'
activesupport (6.0.2.1) lib/active_support/callbacks.rb:101:in `run_callbacks'
actionpack (6.0.2.1) lib/action_dispatch/middleware/callbacks.rb:26:in `call'
actionpack (6.0.2.1) lib/action_dispatch/middleware/executor.rb:14:in `call'
actionpack (6.0.2.1) lib/action_dispatch/middleware/actionable_exceptions.rb:17:in `call'
actionpack (6.0.2.1) lib/action_dispatch/middleware/debug_exceptions.rb:32:in `call'
web-console (4.0.1) lib/web_console/middleware.rb:132:in `call_app'
web-console (4.0.1) lib/web_console/middleware.rb:28:in `block in call'
web-console (4.0.1) lib/web_console/middleware.rb:17:in `catch'
web-console (4.0.1) lib/web_console/middleware.rb:17:in `call'
actionpack (6.0.2.1) lib/action_dispatch/middleware/show_exceptions.rb:33:in `call'
railties (6.0.2.1) lib/rails/rack/logger.rb:38:in `call_app'
railties (6.0.2.1) lib/rails/rack/logger.rb:26:in `block in call'
activesupport (6.0.2.1) lib/active_support/tagged_logging.rb:80:in `block in tagged'
activesupport (6.0.2.1) lib/active_support/tagged_logging.rb:28:in `tagged'
activesupport (6.0.2.1) lib/active_support/tagged_logging.rb:80:in `tagged'
railties (6.0.2.1) lib/rails/rack/logger.rb:26:in `call'
sprockets-rails (3.2.1) lib/sprockets/rails/quiet_assets.rb:13:in `call'
actionpack (6.0.2.1) lib/action_dispatch/middleware/remote_ip.rb:81:in `call'
actionpack (6.0.2.1) lib/action_dispatch/middleware/request_id.rb:27:in `call'
rack (2.0.8) lib/rack/method_override.rb:22:in `call'
rack (2.0.8) lib/rack/runtime.rb:22:in `call'
activesupport (6.0.2.1) lib/active_support/cache/strategy/local_cache_middleware.rb:29:in `call'
actionpack (6.0.2.1) lib/action_dispatch/middleware/executor.rb:14:in `call'
actionpack (6.0.2.1) lib/action_dispatch/middleware/static.rb:126:in `call'
rack (2.0.8) lib/rack/sendfile.rb:111:in `call'
actionpack (6.0.2.1) lib/action_dispatch/middleware/host_authorization.rb:83:in `call'
webpacker (4.2.2) lib/webpacker/dev_server_proxy.rb:23:in `perform_request'
rack-proxy (0.6.5) lib/rack/proxy.rb:57:in `call'
railties (6.0.2.1) lib/rails/engine.rb:526:in `call'
puma (3.12.2) lib/puma/configuration.rb:227:in `call'
puma (3.12.2) lib/puma/server.rb:674:in `handle_request'
puma (3.12.2) lib/puma/server.rb:476:in `process_client'
puma (3.12.2) lib/puma/server.rb:334:in `block in run'
puma (3.12.2) lib/puma/thread_pool.rb:135:in `block in spawn_thread'
  [1m[35m (270.7ms)[0m  [1m[35mSET  @@SESSION.sql_mode = CONCAT(CONCAT(@@sql_mode, ',STRICT_ALL_TABLES'), ',NO_AUTO_VALUE_ON_ZERO'),  @@SESSION.sql_auto_is_null = 0, @@SESSION.wait_timeout = 2147483[0m
  [1m[35m (289.5ms)[0m  [1m[35mCREATE DATABASE `Tarea2BD` DEFAULT CHARACTER SET `utf8mb4`[0m
Started GET "/" for 127.0.0.1 at 2020-01-05 01:37:44 -0300
  [1m[35m (28.0ms)[0m  [1m[35mSET  @@SESSION.sql_mode = CONCAT(CONCAT(@@sql_mode, ',STRICT_ALL_TABLES'), ',NO_AUTO_VALUE_ON_ZERO'),  @@SESSION.sql_auto_is_null = 0, @@SESSION.wait_timeout = 2147483[0m
  
ActiveRecord::PendingMigrationError (

Migrations are pending. To resolve this issue, run:

        rails db:migrate RAILS_ENV=development

):
  
activerecord (6.0.2.1) lib/active_record/migration.rb:587:in `check_pending!'
activerecord (6.0.2.1) lib/active_record/migration.rb:564:in `call'
actionpack (6.0.2.1) lib/action_dispatch/middleware/callbacks.rb:27:in `block in call'
activesupport (6.0.2.1) lib/active_support/callbacks.rb:101:in `run_callbacks'
actionpack (6.0.2.1) lib/action_dispatch/middleware/callbacks.rb:26:in `call'
actionpack (6.0.2.1) lib/action_dispatch/middleware/executor.rb:14:in `call'
actionpack (6.0.2.1) lib/action_dispatch/middleware/actionable_exceptions.rb:17:in `call'
actionpack (6.0.2.1) lib/action_dispatch/middleware/debug_exceptions.rb:32:in `call'
web-console (4.0.1) lib/web_console/middleware.rb:132:in `call_app'
web-console (4.0.1) lib/web_console/middleware.rb:28:in `block in call'
web-console (4.0.1) lib/web_console/middleware.rb:17:in `catch'
web-console (4.0.1) lib/web_console/middleware.rb:17:in `call'
actionpack (6.0.2.1) lib/action_dispatch/middleware/show_exceptions.rb:33:in `call'
railties (6.0.2.1) lib/rails/rack/logger.rb:38:in `call_app'
railties (6.0.2.1) lib/rails/rack/logger.rb:26:in `block in call'
activesupport (6.0.2.1) lib/active_support/tagged_logging.rb:80:in `block in tagged'
activesupport (6.0.2.1) lib/active_support/tagged_logging.rb:28:in `tagged'
activesupport (6.0.2.1) lib/active_support/tagged_logging.rb:80:in `tagged'
railties (6.0.2.1) lib/rails/rack/logger.rb:26:in `call'
sprockets-rails (3.2.1) lib/sprockets/rails/quiet_assets.rb:13:in `call'
actionpack (6.0.2.1) lib/action_dispatch/middleware/remote_ip.rb:81:in `call'
actionpack (6.0.2.1) lib/action_dispatch/middleware/request_id.rb:27:in `call'
rack (2.0.8) lib/rack/method_override.rb:22:in `call'
rack (2.0.8) lib/rack/runtime.rb:22:in `call'
activesupport (6.0.2.1) lib/active_support/cache/strategy/local_cache_middleware.rb:29:in `call'
actionpack (6.0.2.1) lib/action_dispatch/middleware/executor.rb:14:in `call'
actionpack (6.0.2.1) lib/action_dispatch/middleware/static.rb:126:in `call'
rack (2.0.8) lib/rack/sendfile.rb:111:in `call'
actionpack (6.0.2.1) lib/action_dispatch/middleware/host_authorization.rb:83:in `call'
webpacker (4.2.2) lib/webpacker/dev_server_proxy.rb:23:in `perform_request'
rack-proxy (0.6.5) lib/rack/proxy.rb:57:in `call'
railties (6.0.2.1) lib/rails/engine.rb:526:in `call'
puma (3.12.2) lib/puma/configuration.rb:227:in `call'
puma (3.12.2) lib/puma/server.rb:674:in `handle_request'
puma (3.12.2) lib/puma/server.rb:476:in `process_client'
puma (3.12.2) lib/puma/server.rb:334:in `block in run'
puma (3.12.2) lib/puma/thread_pool.rb:135:in `block in spawn_thread'
  [1m[35m (39.6ms)[0m  [1m[35mSET  @@SESSION.sql_mode = CONCAT(CONCAT(@@sql_mode, ',STRICT_ALL_TABLES'), ',NO_AUTO_VALUE_ON_ZERO'),  @@SESSION.sql_auto_is_null = 0, @@SESSION.wait_timeout = 2147483[0m
  [1m[35m (2144.3ms)[0m  [1m[35mCREATE TABLE `schema_migrations` (`version` varchar(255) NOT NULL PRIMARY KEY)[0m
  [1m[35m (467.4ms)[0m  [1m[35mCREATE TABLE `ar_internal_metadata` (`key` varchar(255) NOT NULL PRIMARY KEY, `value` varchar(255), `created_at` datetime(6) NOT NULL, `updated_at` datetime(6) NOT NULL)[0m
  [1m[35m (20.9ms)[0m  [1m[34mSELECT GET_LOCK('5279166814180235025', 0)[0m
  [1m[35m (27.7ms)[0m  [1m[34mSELECT `schema_migrations`.`version` FROM `schema_migrations` ORDER BY `schema_migrations`.`version` ASC[0m
Migrating to DeviseCreateUsers (20200105021721)
  [1m[35m (603.0ms)[0m  [1m[35mCREATE TABLE `users` (`id` bigint NOT NULL AUTO_INCREMENT PRIMARY KEY, `email` varchar(255) DEFAULT '' NOT NULL, `encrypted_password` varchar(255) DEFAULT '' NOT NULL, `reset_password_token` varchar(255), `reset_password_sent_at` datetime, `remember_created_at` datetime, `created_at` datetime(6) NOT NULL, `updated_at` datetime(6) NOT NULL)[0m
  [1m[35m (668.6ms)[0m  [1m[35mCREATE UNIQUE INDEX `index_users_on_email`  ON `users` (`email`) [0m
  [1m[35m (352.3ms)[0m  [1m[35mCREATE UNIQUE INDEX `index_users_on_reset_password_token`  ON `users` (`reset_password_token`) [0m
  [1m[35m (0.8ms)[0m  [1m[35mBEGIN[0m
  [1m[36mprimary::SchemaMigration Create (73.3ms)[0m  [1m[32mINSERT INTO `schema_migrations` (`version`) VALUES ('20200105021721')[0m
  [1m[35m (52.8ms)[0m  [1m[35mCOMMIT[0m
  [1m[36mActiveRecord::InternalMetadata Load (28.0ms)[0m  [1m[34mSELECT `ar_internal_metadata`.* FROM `ar_internal_metadata` WHERE `ar_internal_metadata`.`key` = 'environment' LIMIT 1[0m
  [1m[35m (0.3ms)[0m  [1m[35mBEGIN[0m
  [1m[36mActiveRecord::InternalMetadata Create (46.9ms)[0m  [1m[32mINSERT INTO `ar_internal_metadata` (`key`, `value`, `created_at`, `updated_at`) VALUES ('environment', 'development', '2020-01-05 04:40:37.057442', '2020-01-05 04:40:37.057442')[0m
  [1m[35m (62.7ms)[0m  [1m[35mCOMMIT[0m
  [1m[35m (24.4ms)[0m  [1m[34mSELECT RELEASE_LOCK('5279166814180235025')[0m
  [1m[35m (34.6ms)[0m  [1m[35mSET  @@SESSION.sql_mode = CONCAT(CONCAT(@@sql_mode, ',STRICT_ALL_TABLES'), ',NO_AUTO_VALUE_ON_ZERO'),  @@SESSION.sql_auto_is_null = 0, @@SESSION.wait_timeout = 2147483[0m
  [1m[35m (14.6ms)[0m  [1m[34mSELECT `schema_migrations`.`version` FROM `schema_migrations` ORDER BY `schema_migrations`.`version` ASC[0m
Started GET "/" for 127.0.0.1 at 2020-01-05 01:41:17 -0300
  [1m[35m (20.6ms)[0m  [1m[35mSET  @@SESSION.sql_mode = CONCAT(CONCAT(@@sql_mode, ',STRICT_ALL_TABLES'), ',NO_AUTO_VALUE_ON_ZERO'),  @@SESSION.sql_auto_is_null = 0, @@SESSION.wait_timeout = 2147483[0m
  [1m[35m (1.1ms)[0m  [1m[34mSELECT `schema_migrations`.`version` FROM `schema_migrations` ORDER BY `schema_migrations`.`version` ASC[0m
Processing by Rails::WelcomeController#index as HTML
  Rendering /home/king/.rbenv/versions/2.6.5/lib/ruby/gems/2.6.0/gems/railties-6.0.2.1/lib/rails/templates/rails/welcome/index.html.erb
  Rendered /home/king/.rbenv/versions/2.6.5/lib/ruby/gems/2.6.0/gems/railties-6.0.2.1/lib/rails/templates/rails/welcome/index.html.erb (Duration: 29.2ms | Allocations: 309)
Completed 200 OK in 72ms (Views: 36.4ms | ActiveRecord: 0.0ms | Allocations: 1729)


Started GET "/" for 127.0.0.1 at 2020-01-05 01:41:23 -0300
Processing by Rails::WelcomeController#index as HTML
  Rendering /home/king/.rbenv/versions/2.6.5/lib/ruby/gems/2.6.0/gems/railties-6.0.2.1/lib/rails/templates/rails/welcome/index.html.erb
  Rendered /home/king/.rbenv/versions/2.6.5/lib/ruby/gems/2.6.0/gems/railties-6.0.2.1/lib/rails/templates/rails/welcome/index.html.erb (Duration: 11.0ms | Allocations: 190)
Completed 200 OK in 16ms (Views: 13.4ms | ActiveRecord: 0.0ms | Allocations: 831)


  [1m[35m (365.0ms)[0m  [1m[35mSET  @@SESSION.sql_mode = CONCAT(CONCAT(@@sql_mode, ',STRICT_ALL_TABLES'), ',NO_AUTO_VALUE_ON_ZERO'),  @@SESSION.sql_auto_is_null = 0, @@SESSION.wait_timeout = 2147483[0m
  [1m[35m (0.8ms)[0m  [1m[34mSELECT GET_LOCK('5279166814180235025', 0)[0m
  [1m[35m (30.9ms)[0m  [1m[34mSELECT `schema_migrations`.`version` FROM `schema_migrations` ORDER BY `schema_migrations`.`version` ASC[0m
  [1m[36mActiveRecord::InternalMetadata Load (2.3ms)[0m  [1m[34mSELECT `ar_internal_metadata`.* FROM `ar_internal_metadata` WHERE `ar_internal_metadata`.`key` = 'environment' LIMIT 1[0m
  [1m[35m (50.4ms)[0m  [1m[34mSELECT RELEASE_LOCK('5279166814180235025')[0m
  [1m[35m (20.4ms)[0m  [1m[35mSET  @@SESSION.sql_mode = CONCAT(CONCAT(@@sql_mode, ',STRICT_ALL_TABLES'), ',NO_AUTO_VALUE_ON_ZERO'),  @@SESSION.sql_auto_is_null = 0, @@SESSION.wait_timeout = 2147483[0m
  [1m[35m (0.8ms)[0m  [1m[34mSELECT `schema_migrations`.`version` FROM `schema_migrations` ORDER BY `schema_migrations`.`version` ASC[0m
Started GET "/" for 127.0.0.1 at 2020-01-05 16:18:09 -0300
  [1m[35m (34.7ms)[0m  [1m[35mSET  @@SESSION.sql_mode = CONCAT(CONCAT(@@sql_mode, ',STRICT_ALL_TABLES'), ',NO_AUTO_VALUE_ON_ZERO'),  @@SESSION.sql_auto_is_null = 0, @@SESSION.wait_timeout = 2147483[0m
  [1m[35m (1.2ms)[0m  [1m[34mSELECT `schema_migrations`.`version` FROM `schema_migrations` ORDER BY `schema_migrations`.`version` ASC[0m
Processing by Rails::WelcomeController#index as HTML
  Rendering /home/king/.rbenv/versions/2.6.5/lib/ruby/gems/2.6.0/gems/railties-6.0.2.1/lib/rails/templates/rails/welcome/index.html.erb
  Rendered /home/king/.rbenv/versions/2.6.5/lib/ruby/gems/2.6.0/gems/railties-6.0.2.1/lib/rails/templates/rails/welcome/index.html.erb (Duration: 43.3ms | Allocations: 309)
Completed 200 OK in 220ms (Views: 68.4ms | ActiveRecord: 0.0ms | Allocations: 1731)


Started GET "/users/sign_in" for 127.0.0.1 at 2020-01-05 16:18:41 -0300
Processing by Devise::SessionsController#new as HTML
  Rendering /home/king/.rbenv/versions/2.6.5/lib/ruby/gems/2.6.0/gems/devise-4.7.1/app/views/devise/sessions/new.html.erb within layouts/application
  Rendered /home/king/.rbenv/versions/2.6.5/lib/ruby/gems/2.6.0/gems/devise-4.7.1/app/views/devise/shared/_links.html.erb (Duration: 38.2ms | Allocations: 617)
  Rendered /home/king/.rbenv/versions/2.6.5/lib/ruby/gems/2.6.0/gems/devise-4.7.1/app/views/devise/sessions/new.html.erb within layouts/application (Duration: 640.8ms | Allocations: 9183)
[Webpacker] Compiling...
[Webpacker] Compiled all packs in /home/king/Documentos/Tarea2BD_Equipo7/public/packs
[Webpacker] Hash: 53154d7baad00c6a1252
Version: webpack 4.41.5
Time: 6249ms
Built at: 2020-01-05 16:18:56
                                     Asset       Size       Chunks                         Chunk Names
    js/application-0b67a3cc2fcde6055024.js    124 KiB  application  [emitted] [immutable]  application
js/application-0b67a3cc2fcde6055024.js.map    139 KiB  application  [emitted] [dev]        application
                             manifest.json  364 bytes               [emitted]              
Entrypoint application = js/application-0b67a3cc2fcde6055024.js js/application-0b67a3cc2fcde6055024.js.map
[./app/javascript/channels sync recursive _channel\.js$] ./app/javascript/channels sync _channel\.js$ 160 bytes {application} [built]
[./app/javascript/channels/index.js] 211 bytes {application} [built]
[./app/javascript/packs/application.js] 749 bytes {application} [built]
[./node_modules/webpack/buildin/module.js] (webpack)/buildin/module.js 552 bytes {application} [built]
    + 3 hidden modules

Completed 200 OK in 15472ms (Views: 15330.0ms | ActiveRecord: 55.5ms | Allocations: 1353765)


Started GET "/" for 127.0.0.1 at 2020-01-07 19:42:04 -0300
  [1m[35m (359.2ms)[0m  [1m[35mSET  @@SESSION.sql_mode = CONCAT(CONCAT(@@sql_mode, ',STRICT_ALL_TABLES'), ',NO_AUTO_VALUE_ON_ZERO'),  @@SESSION.sql_auto_is_null = 0, @@SESSION.wait_timeout = 2147483[0m
  [1m[35m (44.2ms)[0m  [1m[34mSELECT `schema_migrations`.`version` FROM `schema_migrations` ORDER BY `schema_migrations`.`version` ASC[0m
Processing by IndexController#home as HTML
  Rendering index/home.html.erb within layouts/application
  Rendered index/home.html.erb within layouts/application (Duration: 14.0ms | Allocations: 202)
[Webpacker] Everything's up-to-date. Nothing to do
Completed 200 OK in 3285ms (Views: 3209.9ms | ActiveRecord: 0.0ms | Allocations: 1330827)


Started GET "/" for 127.0.0.1 at 2020-01-07 20:49:53 -0300
  [1m[35m (381.1ms)[0m  [1m[35mSET  @@SESSION.sql_mode = CONCAT(CONCAT(@@sql_mode, ',STRICT_ALL_TABLES'), ',NO_AUTO_VALUE_ON_ZERO'),  @@SESSION.sql_auto_is_null = 0, @@SESSION.wait_timeout = 2147483[0m
  [1m[35m (27.4ms)[0m  [1m[34mSELECT `schema_migrations`.`version` FROM `schema_migrations` ORDER BY `schema_migrations`.`version` ASC[0m
Processing by IndexController#home as HTML
  Rendering index/home.html.erb within layouts/application
  Rendered index/home.html.erb within layouts/application (Duration: 26.3ms | Allocations: 202)
[Webpacker] Everything's up-to-date. Nothing to do
Completed 200 OK in 3815ms (Views: 3656.2ms | ActiveRecord: 0.0ms | Allocations: 1330912)


Started GET "/users/sign_up" for 127.0.0.1 at 2020-01-07 20:50:10 -0300
Processing by Devise::RegistrationsController#new as HTML
  Rendering devise/registrations/new.html.erb within layouts/application
  Rendered devise/shared/_error_messages.html.erb (Duration: 38.1ms | Allocations: 207)
  Rendered devise/shared/_links.html.erb (Duration: 32.1ms | Allocations: 526)
  Rendered devise/registrations/new.html.erb within layouts/application (Duration: 354.9ms | Allocations: 4902)
[Webpacker] Everything's up-to-date. Nothing to do
Completed 200 OK in 1448ms (Views: 369.5ms | ActiveRecord: 1058.8ms | Allocations: 16217)


Started GET "/users/sign_in" for 127.0.0.1 at 2020-01-07 20:50:23 -0300
Processing by Devise::SessionsController#new as HTML
  Rendering devise/sessions/new.html.erb within layouts/application
  Rendered devise/shared/_links.html.erb (Duration: 0.9ms | Allocations: 214)
  Rendered devise/sessions/new.html.erb within layouts/application (Duration: 40.2ms | Allocations: 1736)
[Webpacker] Everything's up-to-date. Nothing to do
Completed 200 OK in 63ms (Views: 54.6ms | ActiveRecord: 0.0ms | Allocations: 7488)


Started GET "/users/sign_up" for 127.0.0.1 at 2020-01-07 20:50:31 -0300
Processing by Devise::RegistrationsController#new as HTML
  Rendering devise/registrations/new.html.erb within layouts/application
  Rendered devise/shared/_error_messages.html.erb (Duration: 0.1ms | Allocations: 15)
  Rendered devise/shared/_links.html.erb (Duration: 0.3ms | Allocations: 79)
  Rendered devise/registrations/new.html.erb within layouts/application (Duration: 4.4ms | Allocations: 1095)
[Webpacker] Everything's up-to-date. Nothing to do
Completed 200 OK in 23ms (Views: 21.6ms | ActiveRecord: 0.0ms | Allocations: 5905)


Started GET "/" for 127.0.0.1 at 2020-01-07 22:56:03 -0300
  [1m[35m (673.3ms)[0m  [1m[35mSET  @@SESSION.sql_mode = CONCAT(CONCAT(@@sql_mode, ',STRICT_ALL_TABLES'), ',NO_AUTO_VALUE_ON_ZERO'),  @@SESSION.sql_auto_is_null = 0, @@SESSION.wait_timeout = 2147483[0m
  [1m[35m (36.5ms)[0m  [1m[34mSELECT `schema_migrations`.`version` FROM `schema_migrations` ORDER BY `schema_migrations`.`version` ASC[0m
Processing by IndexController#home as HTML
  Rendering index/home.html.erb within layouts/application
  Rendered index/home.html.erb within layouts/application (Duration: 94.3ms | Allocations: 202)
Completed 500 Internal Server Error in 4959ms (ActiveRecord: 0.0ms | Allocations: 288873)


  
ActionView::Template::Error (Autoprefixer doesn’t support Node v4.2.6. Update it.):
     5:     <%= csrf_meta_tags %>
     6:     <%= csp_meta_tag %>
     7: 
     8:     <%= stylesheet_link_tag 'application', media: 'all', 'data-turbolinks-track': 'reload' %>
     9:     <%= javascript_pack_tag 'application', 'data-turbolinks-track': 'reload' %>
    10:   </head>
    11: 
  
app/views/layouts/application.html.erb:8
Started GET "/" for 127.0.0.1 at 2020-01-07 22:56:18 -0300
Processing by IndexController#home as HTML
  Rendering index/home.html.erb within layouts/application
  Rendered index/home.html.erb within layouts/application (Duration: 0.1ms | Allocations: 5)
Completed 500 Internal Server Error in 495ms (ActiveRecord: 0.0ms | Allocations: 4369)


  
ActionView::Template::Error (Autoprefixer doesn’t support Node v4.2.6. Update it.):
     5:     <%= csrf_meta_tags %>
     6:     <%= csp_meta_tag %>
     7: 
     8:     <%= stylesheet_link_tag 'application', media: 'all', 'data-turbolinks-track': 'reload' %>
     9:     <%= javascript_pack_tag 'application', 'data-turbolinks-track': 'reload' %>
    10:   </head>
    11: 
  
app/views/layouts/application.html.erb:8
Started GET "/" for 127.0.0.1 at 2020-01-07 23:02:20 -0300
  [1m[35m (49.0ms)[0m  [1m[35mSET  @@SESSION.sql_mode = CONCAT(CONCAT(@@sql_mode, ',STRICT_ALL_TABLES'), ',NO_AUTO_VALUE_ON_ZERO'),  @@SESSION.sql_auto_is_null = 0, @@SESSION.wait_timeout = 2147483[0m
  [1m[35m (0.8ms)[0m  [1m[34mSELECT `schema_migrations`.`version` FROM `schema_migrations` ORDER BY `schema_migrations`.`version` ASC[0m
Processing by IndexController#home as HTML
  Rendering index/home.html.erb within layouts/application
  Rendered index/home.html.erb within layouts/application (Duration: 18.8ms | Allocations: 202)
Completed 500 Internal Server Error in 971ms (ActiveRecord: 0.0ms | Allocations: 288862)


  
ActionView::Template::Error (Autoprefixer doesn’t support Node v4.2.6. Update it.):
     5:     <%= csrf_meta_tags %>
     6:     <%= csp_meta_tag %>
     7: 
     8:     <%= stylesheet_link_tag 'application', media: 'all', 'data-turbolinks-track': 'reload' %>
     9:     <%= javascript_pack_tag 'application', 'data-turbolinks-track': 'reload' %>
    10:   </head>
    11: 
  
app/views/layouts/application.html.erb:8
  [1m[35m (284.1ms)[0m  [1m[35mSET  @@SESSION.sql_mode = CONCAT(CONCAT(@@sql_mode, ',STRICT_ALL_TABLES'), ',NO_AUTO_VALUE_ON_ZERO'),  @@SESSION.sql_auto_is_null = 0, @@SESSION.wait_timeout = 2147483[0m
  [1m[35m (19.7ms)[0m  [1m[34mSELECT GET_LOCK('5279166814180235025', 0)[0m
  [1m[35m (1.4ms)[0m  [1m[34mSELECT `schema_migrations`.`version` FROM `schema_migrations` ORDER BY `schema_migrations`.`version` ASC[0m
  [1m[36mActiveRecord::InternalMetadata Load (27.1ms)[0m  [1m[34mSELECT `ar_internal_metadata`.* FROM `ar_internal_metadata` WHERE `ar_internal_metadata`.`key` = 'environment' LIMIT 1[0m
  [1m[35m (4.6ms)[0m  [1m[34mSELECT RELEASE_LOCK('5279166814180235025')[0m
  [1m[35m (47.8ms)[0m  [1m[35mSET  @@SESSION.sql_mode = CONCAT(CONCAT(@@sql_mode, ',STRICT_ALL_TABLES'), ',NO_AUTO_VALUE_ON_ZERO'),  @@SESSION.sql_auto_is_null = 0, @@SESSION.wait_timeout = 2147483[0m
  [1m[35m (0.7ms)[0m  [1m[34mSELECT `schema_migrations`.`version` FROM `schema_migrations` ORDER BY `schema_migrations`.`version` ASC[0m
Started GET "/" for 127.0.0.1 at 2020-01-07 23:06:18 -0300
  [1m[35m (20.2ms)[0m  [1m[35mSET  @@SESSION.sql_mode = CONCAT(CONCAT(@@sql_mode, ',STRICT_ALL_TABLES'), ',NO_AUTO_VALUE_ON_ZERO'),  @@SESSION.sql_auto_is_null = 0, @@SESSION.wait_timeout = 2147483[0m
  [1m[35m (0.7ms)[0m  [1m[34mSELECT `schema_migrations`.`version` FROM `schema_migrations` ORDER BY `schema_migrations`.`version` ASC[0m
Processing by IndexController#home as HTML
  Rendering index/home.html.erb within layouts/application
  Rendered index/home.html.erb within layouts/application (Duration: 26.3ms | Allocations: 202)
[Webpacker] Everything's up-to-date. Nothing to do
Completed 200 OK in 6620ms (Views: 6548.8ms | ActiveRecord: 0.0ms | Allocations: 1347384)


Started GET "/users/sign_in" for 127.0.0.1 at 2020-01-07 23:06:30 -0300
Processing by Devise::SessionsController#new as HTML
  Rendering devise/sessions/new.html.erb within layouts/application
  Rendered devise/shared/_links.html.erb (Duration: 22.7ms | Allocations: 618)
  Rendered devise/sessions/new.html.erb within layouts/application (Duration: 202.2ms | Allocations: 4756)
[Webpacker] Everything's up-to-date. Nothing to do
Completed 200 OK in 364ms (Views: 216.0ms | ActiveRecord: 39.9ms | Allocations: 16410)


Started GET "/users/sign_in" for 127.0.0.1 at 2020-01-07 23:12:40 -0300
  [1m[35m (26.9ms)[0m  [1m[35mSET  @@SESSION.sql_mode = CONCAT(CONCAT(@@sql_mode, ',STRICT_ALL_TABLES'), ',NO_AUTO_VALUE_ON_ZERO'),  @@SESSION.sql_auto_is_null = 0, @@SESSION.wait_timeout = 2147483[0m
Processing by Devise::SessionsController#new as HTML
  Rendering devise/sessions/new.html.erb within layouts/application
  Rendered devise/shared/_links.html.erb (Duration: 0.5ms | Allocations: 134)
  Rendered devise/sessions/new.html.erb within layouts/application (Duration: 4.5ms | Allocations: 1080)
[Webpacker] Everything's up-to-date. Nothing to do
Completed 200 OK in 50ms (Views: 47.8ms | ActiveRecord: 0.0ms | Allocations: 6034)


Started GET "/users/sign_up" for 127.0.0.1 at 2020-01-07 23:13:04 -0300
Processing by Devise::RegistrationsController#new as HTML
  Rendering devise/registrations/new.html.erb within layouts/application
  Rendered devise/shared/_error_messages.html.erb (Duration: 10.6ms | Allocations: 206)
  Rendered devise/shared/_links.html.erb (Duration: 1.1ms | Allocations: 124)
  Rendered devise/registrations/new.html.erb within layouts/application (Duration: 36.2ms | Allocations: 1872)
[Webpacker] Everything's up-to-date. Nothing to do
Completed 200 OK in 52ms (Views: 49.8ms | ActiveRecord: 0.0ms | Allocations: 7474)


Started GET "/users/sign_in" for 127.0.0.1 at 2020-01-07 23:13:06 -0300
Processing by Devise::SessionsController#new as HTML
  Rendering devise/sessions/new.html.erb within layouts/application
  Rendered devise/shared/_links.html.erb (Duration: 0.5ms | Allocations: 134)
  Rendered devise/sessions/new.html.erb within layouts/application (Duration: 3.9ms | Allocations: 1084)
[Webpacker] Everything's up-to-date. Nothing to do
Completed 200 OK in 21ms (Views: 18.3ms | ActiveRecord: 0.0ms | Allocations: 6032)


Started GET "/users/sign_in" for 127.0.0.1 at 2020-01-07 23:13:28 -0300
Processing by Devise::SessionsController#new as HTML
  Rendering devise/sessions/new.html.erb within layouts/application
  Rendered devise/shared/_links.html.erb (Duration: 0.4ms | Allocations: 134)
  Rendered devise/sessions/new.html.erb within layouts/application (Duration: 3.7ms | Allocations: 1075)
[Webpacker] Everything's up-to-date. Nothing to do
Completed 200 OK in 18ms (Views: 16.5ms | ActiveRecord: 0.0ms | Allocations: 6003)


Started GET "/users/sign_up" for 127.0.0.1 at 2020-01-07 23:13:29 -0300
Processing by Devise::RegistrationsController#new as HTML
  Rendering devise/registrations/new.html.erb within layouts/application
  Rendered devise/shared/_error_messages.html.erb (Duration: 0.1ms | Allocations: 15)
  Rendered devise/shared/_links.html.erb (Duration: 0.4ms | Allocations: 78)
  Rendered devise/registrations/new.html.erb within layouts/application (Duration: 6.9ms | Allocations: 1090)
[Webpacker] Everything's up-to-date. Nothing to do
Completed 200 OK in 23ms (Views: 20.0ms | ActiveRecord: 0.0ms | Allocations: 5961)


Started GET "/users/sign_in" for 127.0.0.1 at 2020-01-07 23:13:30 -0300
Processing by Devise::SessionsController#new as HTML
  Rendering devise/sessions/new.html.erb within layouts/application
  Rendered devise/shared/_links.html.erb (Duration: 0.6ms | Allocations: 134)
  Rendered devise/sessions/new.html.erb within layouts/application (Duration: 4.1ms | Allocations: 1075)
[Webpacker] Everything's up-to-date. Nothing to do
Completed 200 OK in 19ms (Views: 17.2ms | ActiveRecord: 0.0ms | Allocations: 6009)


Started GET "/" for 127.0.0.1 at 2020-01-08 22:28:34 -0300
  [1m[35m (420.0ms)[0m  [1m[35mSET  @@SESSION.sql_mode = CONCAT(CONCAT(@@sql_mode, ',STRICT_ALL_TABLES'), ',NO_AUTO_VALUE_ON_ZERO'),  @@SESSION.sql_auto_is_null = 0, @@SESSION.wait_timeout = 2147483[0m
  [1m[35m (24.2ms)[0m  [1m[34mSELECT `schema_migrations`.`version` FROM `schema_migrations` ORDER BY `schema_migrations`.`version` ASC[0m
Processing by IndexController#home as HTML
  Rendering index/home.html.erb within layouts/application
  Rendered index/home.html.erb within layouts/application (Duration: 26.1ms | Allocations: 202)
[Webpacker] Everything's up-to-date. Nothing to do
Completed 200 OK in 3429ms (Views: 3336.4ms | ActiveRecord: 0.0ms | Allocations: 1338380)


Started GET "/users/sign_in" for 127.0.0.1 at 2020-01-08 22:56:24 -0300
  [1m[35m (210.5ms)[0m  [1m[35mSET  @@SESSION.sql_mode = CONCAT(CONCAT(@@sql_mode, ',STRICT_ALL_TABLES'), ',NO_AUTO_VALUE_ON_ZERO'),  @@SESSION.sql_auto_is_null = 0, @@SESSION.wait_timeout = 2147483[0m
Processing by Devise::SessionsController#new as HTML
  Rendering devise/sessions/new.html.erb within layouts/application
  Rendered devise/shared/_links.html.erb (Duration: 21.4ms | Allocations: 618)
  Rendered devise/sessions/new.html.erb within layouts/application (Duration: 433.5ms | Allocations: 4756)
[Webpacker] Everything's up-to-date. Nothing to do
Completed 200 OK in 1464ms (Views: 644.6ms | ActiveRecord: 698.6ms | Allocations: 16543)


Started GET "/users/sign_up" for 127.0.0.1 at 2020-01-08 22:56:35 -0300
Processing by Devise::RegistrationsController#new as HTML
  Rendering devise/registrations/new.html.erb within layouts/application
  Rendered devise/shared/_error_messages.html.erb (Duration: 134.1ms | Allocations: 209)
  Rendered devise/shared/_links.html.erb (Duration: 0.7ms | Allocations: 124)
  Rendered devise/registrations/new.html.erb within layouts/application (Duration: 141.2ms | Allocations: 1875)
[Webpacker] Everything's up-to-date. Nothing to do
Completed 200 OK in 169ms (Views: 165.3ms | ActiveRecord: 0.0ms | Allocations: 7478)


Started GET "/users/sign_in" for 127.0.0.1 at 2020-01-08 22:56:37 -0300
Processing by Devise::SessionsController#new as HTML
  Rendering devise/sessions/new.html.erb within layouts/application
  Rendered devise/shared/_links.html.erb (Duration: 1.0ms | Allocations: 134)
  Rendered devise/sessions/new.html.erb within layouts/application (Duration: 4.2ms | Allocations: 1085)
[Webpacker] Everything's up-to-date. Nothing to do
Completed 200 OK in 21ms (Views: 18.7ms | ActiveRecord: 0.0ms | Allocations: 6037)


Started GET "/" for 127.0.0.1 at 2020-01-08 22:56:42 -0300
Processing by IndexController#home as HTML
  Rendering index/home.html.erb within layouts/application
  Rendered index/home.html.erb within layouts/application (Duration: 0.1ms | Allocations: 5)
[Webpacker] Everything's up-to-date. Nothing to do
Completed 200 OK in 14ms (Views: 13.2ms | ActiveRecord: 0.0ms | Allocations: 4767)


Started GET "/" for 127.0.0.1 at 2020-01-08 23:06:32 -0300
  [1m[35m (31.2ms)[0m  [1m[35mSET  @@SESSION.sql_mode = CONCAT(CONCAT(@@sql_mode, ',STRICT_ALL_TABLES'), ',NO_AUTO_VALUE_ON_ZERO'),  @@SESSION.sql_auto_is_null = 0, @@SESSION.wait_timeout = 2147483[0m
Processing by IndexController#home as HTML
  Rendering index/home.html.erb within layouts/application
  Rendered index/home.html.erb within layouts/application (Duration: 27.2ms | Allocations: 80)
[Webpacker] Everything's up-to-date. Nothing to do
Completed 200 OK in 44ms (Views: 42.4ms | ActiveRecord: 0.0ms | Allocations: 5967)


Started GET "/" for 127.0.0.1 at 2020-01-08 23:17:36 -0300
  [1m[35m (30.9ms)[0m  [1m[35mSET  @@SESSION.sql_mode = CONCAT(CONCAT(@@sql_mode, ',STRICT_ALL_TABLES'), ',NO_AUTO_VALUE_ON_ZERO'),  @@SESSION.sql_auto_is_null = 0, @@SESSION.wait_timeout = 2147483[0m
Processing by IndexController#home as HTML
  Rendering index/home.html.erb within layouts/application
  Rendered index/home.html.erb within layouts/application (Duration: 0.5ms | Allocations: 80)
[Webpacker] Everything's up-to-date. Nothing to do
Completed 200 OK in 18ms (Views: 16.3ms | ActiveRecord: 0.0ms | Allocations: 5955)


Started GET "/" for 127.0.0.1 at 2020-01-08 23:19:15 -0300
Processing by IndexController#home as HTML
  Rendering index/home.html.erb within layouts/application
  Rendered index/home.html.erb within layouts/application (Duration: 0.8ms | Allocations: 80)
[Webpacker] Everything's up-to-date. Nothing to do
Completed 200 OK in 27ms (Views: 24.5ms | ActiveRecord: 0.0ms | Allocations: 5970)


Started GET "/" for 127.0.0.1 at 2020-01-08 23:19:26 -0300
Processing by IndexController#home as HTML
  Rendering index/home.html.erb within layouts/application
  Rendered index/home.html.erb within layouts/application (Duration: 0.1ms | Allocations: 4)
[Webpacker] Everything's up-to-date. Nothing to do
Completed 200 OK in 13ms (Views: 12.2ms | ActiveRecord: 0.0ms | Allocations: 4760)


Started GET "/" for 127.0.0.1 at 2020-01-08 23:29:22 -0300
  [1m[35m (16.4ms)[0m  [1m[35mSET  @@SESSION.sql_mode = CONCAT(CONCAT(@@sql_mode, ',STRICT_ALL_TABLES'), ',NO_AUTO_VALUE_ON_ZERO'),  @@SESSION.sql_auto_is_null = 0, @@SESSION.wait_timeout = 2147483[0m
Processing by IndexController#home as HTML
  Rendering index/home.html.erb within layouts/application
  Rendered index/home.html.erb within layouts/application (Duration: 0.6ms | Allocations: 80)
Completed 500 Internal Server Error in 1120ms (ActiveRecord: 0.0ms | Allocations: 7321)


Started GET "/" for 127.0.0.1 at 2020-01-08 23:30:42 -0300
Processing by IndexController#home as HTML
  Rendering index/home.html.erb within layouts/application
  Rendered index/home.html.erb within layouts/application (Duration: 0.6ms | Allocations: 85)
[Webpacker] Everything's up-to-date. Nothing to do
Completed 200 OK in 23ms (Views: 20.7ms | ActiveRecord: 0.0ms | Allocations: 6000)


Started GET "/" for 127.0.0.1 at 2020-01-08 23:33:44 -0300
Processing by IndexController#home as HTML
  Rendering index/home.html.erb within layouts/application
  Rendered index/home.html.erb within layouts/application (Duration: 0.6ms | Allocations: 77)
[Webpacker] Everything's up-to-date. Nothing to do
Completed 200 OK in 22ms (Views: 19.8ms | ActiveRecord: 0.0ms | Allocations: 5983)


Started GET "/" for 127.0.0.1 at 2020-01-08 23:34:13 -0300
Processing by IndexController#home as HTML
  Rendering index/home.html.erb within layouts/application
  Rendered index/home.html.erb within layouts/application (Duration: 2.1ms | Allocations: 393)
[Webpacker] Everything's up-to-date. Nothing to do
Completed 200 OK in 22ms (Views: 20.0ms | ActiveRecord: 0.0ms | Allocations: 6230)


Started GET "/" for 127.0.0.1 at 2020-01-08 23:34:37 -0300
Processing by IndexController#home as HTML
  Rendering index/home.html.erb within layouts/application
  Rendered index/home.html.erb within layouts/application (Duration: 0.6ms | Allocations: 79)
[Webpacker] Everything's up-to-date. Nothing to do
Completed 200 OK in 23ms (Views: 21.1ms | ActiveRecord: 0.0ms | Allocations: 5989)


Started GET "/" for 127.0.0.1 at 2020-01-08 23:39:03 -0300
Processing by IndexController#home as HTML
  Rendering index/home.html.erb within layouts/application
  Rendered index/home.html.erb within layouts/application (Duration: 0.8ms | Allocations: 78)
[Webpacker] Everything's up-to-date. Nothing to do
Completed 200 OK in 137ms (Views: 135.8ms | ActiveRecord: 0.0ms | Allocations: 5985)


Started GET "/" for 127.0.0.1 at 2020-01-08 23:39:25 -0300
Processing by IndexController#home as HTML
  Rendering index/home.html.erb within layouts/application
  Rendered index/home.html.erb within layouts/application (Duration: 0.5ms | Allocations: 77)
[Webpacker] Everything's up-to-date. Nothing to do
Completed 200 OK in 22ms (Views: 20.5ms | ActiveRecord: 0.0ms | Allocations: 5993)


Started GET "/users/sign_up" for 127.0.0.1 at 2020-01-08 23:39:31 -0300
Processing by Devise::RegistrationsController#new as HTML
  Rendering devise/registrations/new.html.erb within layouts/application
  Rendered devise/shared/_error_messages.html.erb (Duration: 11.1ms | Allocations: 197)
  Rendered devise/shared/_links.html.erb (Duration: 131.9ms | Allocations: 467)
  Rendered devise/registrations/new.html.erb within layouts/application (Duration: 288.9ms | Allocations: 2268)
[Webpacker] Everything's up-to-date. Nothing to do
Completed 200 OK in 305ms (Views: 302.6ms | ActiveRecord: 0.0ms | Allocations: 8206)


Started GET "/users/sign_in" for 127.0.0.1 at 2020-01-08 23:39:37 -0300
Processing by Devise::SessionsController#new as HTML
  Rendering devise/sessions/new.html.erb within layouts/application
  Rendered devise/shared/_links.html.erb (Duration: 0.5ms | Allocations: 134)
  Rendered devise/sessions/new.html.erb within layouts/application (Duration: 58.1ms | Allocations: 1376)
[Webpacker] Everything's up-to-date. Nothing to do
Completed 200 OK in 77ms (Views: 74.3ms | ActiveRecord: 0.0ms | Allocations: 6997)


Started GET "/users/sign_in" for 127.0.0.1 at 2020-01-08 23:39:46 -0300
Processing by Devise::SessionsController#new as HTML
  Rendering devise/sessions/new.html.erb within layouts/application
  Rendered devise/shared/_links.html.erb (Duration: 0.5ms | Allocations: 134)
  Rendered devise/sessions/new.html.erb within layouts/application (Duration: 4.1ms | Allocations: 1075)
[Webpacker] Everything's up-to-date. Nothing to do
Completed 200 OK in 19ms (Views: 17.0ms | ActiveRecord: 0.0ms | Allocations: 6038)


Started GET "/users/sign_in" for 127.0.0.1 at 2020-01-08 23:41:10 -0300
Processing by Devise::SessionsController#new as HTML
  Rendering devise/sessions/new.html.erb within layouts/application
  Rendered devise/shared/_links.html.erb (Duration: 2.1ms | Allocations: 523)
  Rendered devise/sessions/new.html.erb within layouts/application (Duration: 7.8ms | Allocations: 1903)
[Webpacker] Everything's up-to-date. Nothing to do
Completed 200 OK in 27ms (Views: 25.5ms | ActiveRecord: 0.0ms | Allocations: 8385)


Started GET "/users/sign_in" for 127.0.0.1 at 2020-01-08 23:41:12 -0300
Processing by Devise::SessionsController#new as HTML
  Rendering devise/sessions/new.html.erb within layouts/application
  Rendered devise/shared/_links.html.erb (Duration: 0.5ms | Allocations: 134)
  Rendered devise/sessions/new.html.erb within layouts/application (Duration: 4.6ms | Allocations: 1081)
[Webpacker] Everything's up-to-date. Nothing to do
Completed 200 OK in 23ms (Views: 21.5ms | ActiveRecord: 0.0ms | Allocations: 6020)


Started GET "/" for 127.0.0.1 at 2020-01-08 23:41:17 -0300
Processing by IndexController#home as HTML
  Rendering index/home.html.erb within layouts/application
  Rendered index/home.html.erb within layouts/application (Duration: 0.5ms | Allocations: 77)
[Webpacker] Everything's up-to-date. Nothing to do
Completed 200 OK in 16ms (Views: 14.0ms | ActiveRecord: 0.0ms | Allocations: 5516)


Started GET "/" for 127.0.0.1 at 2020-01-08 23:47:01 -0300
  [1m[35m (115.8ms)[0m  [1m[35mSET  @@SESSION.sql_mode = CONCAT(CONCAT(@@sql_mode, ',STRICT_ALL_TABLES'), ',NO_AUTO_VALUE_ON_ZERO'),  @@SESSION.sql_auto_is_null = 0, @@SESSION.wait_timeout = 2147483[0m
Processing by IndexController#home as HTML
  Rendering index/home.html.erb within layouts/application
  Rendered index/home.html.erb within layouts/application (Duration: 0.6ms | Allocations: 77)
[Webpacker] Everything's up-to-date. Nothing to do
Completed 200 OK in 27ms (Views: 25.2ms | ActiveRecord: 0.0ms | Allocations: 5988)


Started GET "/users/sign_up" for 127.0.0.1 at 2020-01-08 23:47:05 -0300
Processing by Devise::RegistrationsController#new as HTML
  Rendering devise/registrations/new.html.erb within layouts/application
  Rendered devise/shared/_error_messages.html.erb (Duration: 1.1ms | Allocations: 197)
  Rendered devise/shared/_links.html.erb (Duration: 3.3ms | Allocations: 467)
  Rendered devise/registrations/new.html.erb within layouts/application (Duration: 13.2ms | Allocations: 2266)
[Webpacker] Everything's up-to-date. Nothing to do
Completed 200 OK in 33ms (Views: 31.5ms | ActiveRecord: 0.0ms | Allocations: 8196)


Started GET "/users/sign_in" for 127.0.0.1 at 2020-01-08 23:47:06 -0300
Processing by Devise::SessionsController#new as HTML
  Rendering devise/sessions/new.html.erb within layouts/application
  Rendered devise/shared/_links.html.erb (Duration: 0.7ms | Allocations: 134)
  Rendered devise/sessions/new.html.erb within layouts/application (Duration: 6.6ms | Allocations: 1375)
[Webpacker] Everything's up-to-date. Nothing to do
Completed 200 OK in 25ms (Views: 22.5ms | ActiveRecord: 0.0ms | Allocations: 6995)


Started GET "/users/sign_up" for 127.0.0.1 at 2020-01-08 23:47:09 -0300
Processing by Devise::RegistrationsController#new as HTML
  Rendering devise/registrations/new.html.erb within layouts/application
  Rendered devise/shared/_error_messages.html.erb (Duration: 0.1ms | Allocations: 15)
  Rendered devise/shared/_links.html.erb (Duration: 3.0ms | Allocations: 79)
  Rendered devise/registrations/new.html.erb within layouts/application (Duration: 8.0ms | Allocations: 1094)
[Webpacker] Everything's up-to-date. Nothing to do
Completed 200 OK in 32ms (Views: 29.8ms | ActiveRecord: 0.0ms | Allocations: 5998)


Started GET "/users/sign_in" for 127.0.0.1 at 2020-01-08 23:47:10 -0300
Processing by Devise::SessionsController#new as HTML
  Rendering devise/sessions/new.html.erb within layouts/application
  Rendered devise/shared/_links.html.erb (Duration: 4.1ms | Allocations: 134)
  Rendered devise/sessions/new.html.erb within layouts/application (Duration: 8.8ms | Allocations: 1075)
[Webpacker] Everything's up-to-date. Nothing to do
Completed 200 OK in 31ms (Views: 28.2ms | ActiveRecord: 0.0ms | Allocations: 6028)


Started GET "/users/sign_up" for 127.0.0.1 at 2020-01-08 23:47:15 -0300
Processing by Devise::RegistrationsController#new as HTML
  Rendering devise/registrations/new.html.erb within layouts/application
  Rendered devise/shared/_error_messages.html.erb (Duration: 0.1ms | Allocations: 15)
  Rendered devise/shared/_links.html.erb (Duration: 0.4ms | Allocations: 78)
  Rendered devise/registrations/new.html.erb within layouts/application (Duration: 4.3ms | Allocations: 1085)
[Webpacker] Everything's up-to-date. Nothing to do
Completed 200 OK in 129ms (Views: 126.6ms | ActiveRecord: 0.0ms | Allocations: 5966)


Started GET "/users/sign_in" for 127.0.0.1 at 2020-01-08 23:47:16 -0300
Processing by Devise::SessionsController#new as HTML
  Rendering devise/sessions/new.html.erb within layouts/application
  Rendered devise/shared/_links.html.erb (Duration: 0.5ms | Allocations: 134)
  Rendered devise/sessions/new.html.erb within layouts/application (Duration: 8.8ms | Allocations: 1075)
[Webpacker] Everything's up-to-date. Nothing to do
Completed 200 OK in 31ms (Views: 29.3ms | ActiveRecord: 0.0ms | Allocations: 6022)


Started GET "/users/sign_up" for 127.0.0.1 at 2020-01-08 23:47:22 -0300
Processing by Devise::RegistrationsController#new as HTML
  Rendering devise/registrations/new.html.erb within layouts/application
  Rendered devise/shared/_error_messages.html.erb (Duration: 0.1ms | Allocations: 15)
  Rendered devise/shared/_links.html.erb (Duration: 0.3ms | Allocations: 78)
  Rendered devise/registrations/new.html.erb within layouts/application (Duration: 7.6ms | Allocations: 1085)
[Webpacker] Everything's up-to-date. Nothing to do
Completed 200 OK in 23ms (Views: 21.0ms | ActiveRecord: 0.0ms | Allocations: 5967)


Started GET "/users/sign_in" for 127.0.0.1 at 2020-01-08 23:47:24 -0300
Processing by Devise::SessionsController#new as HTML
  Rendering devise/sessions/new.html.erb within layouts/application
  Rendered devise/shared/_links.html.erb (Duration: 0.9ms | Allocations: 134)
  Rendered devise/sessions/new.html.erb within layouts/application (Duration: 6.8ms | Allocations: 1075)
[Webpacker] Everything's up-to-date. Nothing to do
Completed 200 OK in 24ms (Views: 22.1ms | ActiveRecord: 0.0ms | Allocations: 6015)


Started GET "/" for 127.0.0.1 at 2020-01-08 23:47:29 -0300
Processing by IndexController#home as HTML
  Rendering index/home.html.erb within layouts/application
  Rendered index/home.html.erb within layouts/application (Duration: 0.1ms | Allocations: 4)
[Webpacker] Everything's up-to-date. Nothing to do
Completed 200 OK in 18ms (Views: 16.2ms | ActiveRecord: 0.0ms | Allocations: 4765)


